Using pre-set license
Built from '2020.2/release' branch; Version is '2020.2.2f1 (068178b99f32) revision 426360'; Using compiler version '192528614'; Build Type 'Release'
OS: 'Windows 10 Home Single Language; OS build 19043.985; Version 2009; 64bit' Language: 'en' Physical Memory: 32622 MB
BatchMode: 1, IsHumanControllingUs: 0, StartBugReporterOnCrash: 0, Is64bit: 1, IsPro: 0

 COMMAND LINE ARGUMENTS:
C:\Program Files\2020.2.2f1\Editor\Unity.exe
-adb2
-batchMode
-noUpm
-name
AssetImportWorker0
-projectPath
C:/Users/bhami/GitHub/CyberTiger
-logFile
Logs/AssetImportWorker0.log
-srvPort
51508
Successfully changed project path to: C:/Users/bhami/GitHub/CyberTiger
C:/Users/bhami/GitHub/CyberTiger
Using Asset Import Pipeline V2.
Refreshing native plugins compatible for Editor in 34.42 ms, found 0 plugins.
Preloading 0 native plugins for Editor in 0.00 ms.
Initialize engine version: 2020.2.2f1 (068178b99f32)
[Subsystems] Discovering subsystems at path C:/Program Files/2020.2.2f1/Editor/Data/Resources/UnitySubsystems
[Subsystems] Discovering subsystems at path C:/Users/bhami/GitHub/CyberTiger/Assets
GfxDevice: creating device client; threaded=0
Direct3D:
    Version:  Direct3D 11.0 [level 11.1]
    Renderer: NVIDIA GeForce GTX 1080 (ID=0x1b80)
    Vendor:   
    VRAM:     8079 MB
    Driver:   27.21.14.6647
Initialize mono
Mono path[0] = 'C:/Program Files/2020.2.2f1/Editor/Data/Managed'
Mono path[1] = 'C:/Program Files/2020.2.2f1/Editor/Data/MonoBleedingEdge/lib/mono/unityjit'
Mono config path = 'C:/Program Files/2020.2.2f1/Editor/Data/MonoBleedingEdge/etc'
Using monoOptions --debugger-agent=transport=dt_socket,embedding=1,server=y,suspend=n,address=127.0.0.1:56772
Begin MonoManager ReloadAssembly
Registering precompiled unity dll's ...
Register platform support module: C:/Program Files/2020.2.2f1/Editor/Data/PlaybackEngines/WindowsStandaloneSupport/UnityEditor.WindowsStandalone.Extensions.dll
Registered in 0.001658 seconds.
Native extension for WindowsStandalone target not found
Refreshing native plugins compatible for Editor in 31.68 ms, found 0 plugins.
Preloading 0 native plugins for Editor in 0.00 ms.
Invoked RoslynAnalysisRunner static constructor.
RoslynAnalysisRunner will not be running.
RoslynAnalysisRunner has terminated.
Mono: successfully reloaded assembly
- Completed reload, in  0.935 seconds
Platform modules already initialized, skipping
Registering precompiled user dll's ...
Registered in 0.001934 seconds.
Begin MonoManager ReloadAssembly
Native extension for WindowsStandalone target not found
Refreshing native plugins compatible for Editor in 0.48 ms, found 0 plugins.
Preloading 0 native plugins for Editor in 0.00 ms.
Invoked RoslynAnalysisRunner static constructor.
RoslynAnalysisRunner will not be running.
RoslynAnalysisRunner has terminated.
Mono: successfully reloaded assembly
- Completed reload, in  0.739 seconds
Platform modules already initialized, skipping
========================================================================
Worker process is ready to serve import requests
Launched and connected shader compiler UnityShaderCompiler.exe after 0.07 seconds
Refreshing native plugins compatible for Editor in 0.35 ms, found 0 plugins.
Preloading 0 native plugins for Editor in 0.00 ms.
Unloading 1426 Unused Serialized files (Serialized files now loaded: 0)
System memory in use before: 66.8 MB.
System memory in use after: 66.8 MB.

Unloading 34 unused Assets to reduce memory usage. Loaded Objects now: 1853.
Total: 1.713000 ms (FindLiveObjects: 0.222400 ms CreateObjectMapping: 0.048800 ms MarkObjects: 1.380800 ms  DeleteObjects: 0.059600 ms)

========================================================================
Received Prepare
Registering precompiled user dll's ...
Registered in 0.001692 seconds.
Begin MonoManager ReloadAssembly
Native extension for WindowsStandalone target not found
Refreshing native plugins compatible for Editor in 0.34 ms, found 0 plugins.
Preloading 0 native plugins for Editor in 0.00 ms.
Invoked RoslynAnalysisRunner static constructor.
RoslynAnalysisRunner will not be running.
RoslynAnalysisRunner has terminated.
Mono: successfully reloaded assembly
- Completed reload, in  0.683 seconds
Platform modules already initialized, skipping
Refreshing native plugins compatible for Editor in 0.35 ms, found 0 plugins.
Preloading 0 native plugins for Editor in 0.00 ms.
Unloading 1406 Unused Serialized files (Serialized files now loaded: 0)
System memory in use before: 65.6 MB.
System memory in use after: 65.7 MB.

Unloading 24 unused Assets to reduce memory usage. Loaded Objects now: 1855.
Total: 1.495500 ms (FindLiveObjects: 0.190200 ms CreateObjectMapping: 0.047100 ms MarkObjects: 1.242300 ms  DeleteObjects: 0.015000 ms)

========================================================================
Received Prepare
Registering precompiled user dll's ...
Registered in 0.001727 seconds.
Begin MonoManager ReloadAssembly
Native extension for WindowsStandalone target not found
Refreshing native plugins compatible for Editor in 0.43 ms, found 0 plugins.
Preloading 0 native plugins for Editor in 0.00 ms.
Invoked RoslynAnalysisRunner static constructor.
RoslynAnalysisRunner will not be running.
RoslynAnalysisRunner has terminated.
Mono: successfully reloaded assembly
- Completed reload, in  0.685 seconds
Platform modules already initialized, skipping
Refreshing native plugins compatible for Editor in 0.36 ms, found 0 plugins.
Preloading 0 native plugins for Editor in 0.00 ms.
Unloading 1406 Unused Serialized files (Serialized files now loaded: 0)
System memory in use before: 65.8 MB.
System memory in use after: 65.9 MB.

Unloading 24 unused Assets to reduce memory usage. Loaded Objects now: 1857.
Total: 1.761900 ms (FindLiveObjects: 0.155500 ms CreateObjectMapping: 0.080000 ms MarkObjects: 1.508600 ms  DeleteObjects: 0.017000 ms)

========================================================================
Received Prepare
Registering precompiled user dll's ...
Registered in 0.001845 seconds.
Begin MonoManager ReloadAssembly
Native extension for WindowsStandalone target not found
Refreshing native plugins compatible for Editor in 0.41 ms, found 0 plugins.
Preloading 0 native plugins for Editor in 0.00 ms.
Invoked RoslynAnalysisRunner static constructor.
RoslynAnalysisRunner will not be running.
RoslynAnalysisRunner has terminated.
Mono: successfully reloaded assembly
- Completed reload, in  0.708 seconds
Platform modules already initialized, skipping
Refreshing native plugins compatible for Editor in 0.36 ms, found 0 plugins.
Preloading 0 native plugins for Editor in 0.00 ms.
Unloading 1406 Unused Serialized files (Serialized files now loaded: 0)
System memory in use before: 66.0 MB.
System memory in use after: 66.1 MB.

Unloading 24 unused Assets to reduce memory usage. Loaded Objects now: 1859.
Total: 1.968500 ms (FindLiveObjects: 0.224900 ms CreateObjectMapping: 0.063200 ms MarkObjects: 1.659900 ms  DeleteObjects: 0.019400 ms)

========================================================================
Received Prepare
Registering precompiled user dll's ...
Registered in 0.001666 seconds.
Begin MonoManager ReloadAssembly
Native extension for WindowsStandalone target not found
Refreshing native plugins compatible for Editor in 0.34 ms, found 0 plugins.
Preloading 0 native plugins for Editor in 0.00 ms.
Invoked RoslynAnalysisRunner static constructor.
RoslynAnalysisRunner will not be running.
RoslynAnalysisRunner has terminated.
Mono: successfully reloaded assembly
- Completed reload, in  0.670 seconds
Platform modules already initialized, skipping
Refreshing native plugins compatible for Editor in 0.38 ms, found 0 plugins.
Preloading 0 native plugins for Editor in 0.00 ms.
Unloading 1406 Unused Serialized files (Serialized files now loaded: 0)
System memory in use before: 66.1 MB.
System memory in use after: 66.3 MB.

Unloading 24 unused Assets to reduce memory usage. Loaded Objects now: 1861.
Total: 1.748600 ms (FindLiveObjects: 0.124100 ms CreateObjectMapping: 0.035000 ms MarkObjects: 1.574700 ms  DeleteObjects: 0.014000 ms)

========================================================================
Received Prepare
Registering precompiled user dll's ...
Registered in 0.001845 seconds.
Begin MonoManager ReloadAssembly
Native extension for WindowsStandalone target not found
Refreshing native plugins compatible for Editor in 0.35 ms, found 0 plugins.
Preloading 0 native plugins for Editor in 0.00 ms.
Invoked RoslynAnalysisRunner static constructor.
RoslynAnalysisRunner will not be running.
RoslynAnalysisRunner has terminated.
Mono: successfully reloaded assembly
- Completed reload, in  0.725 seconds
Platform modules already initialized, skipping
Refreshing native plugins compatible for Editor in 0.36 ms, found 0 plugins.
Preloading 0 native plugins for Editor in 0.00 ms.
Unloading 1406 Unused Serialized files (Serialized files now loaded: 0)
System memory in use before: 66.3 MB.
System memory in use after: 66.4 MB.

Unloading 24 unused Assets to reduce memory usage. Loaded Objects now: 1863.
Total: 1.709200 ms (FindLiveObjects: 0.216000 ms CreateObjectMapping: 0.061500 ms MarkObjects: 1.416700 ms  DeleteObjects: 0.014300 ms)

========================================================================
Received Prepare
Registering precompiled user dll's ...
Registered in 0.001733 seconds.
Begin MonoManager ReloadAssembly
Native extension for WindowsStandalone target not found
Refreshing native plugins compatible for Editor in 0.35 ms, found 0 plugins.
Preloading 0 native plugins for Editor in 0.00 ms.
Invoked RoslynAnalysisRunner static constructor.
RoslynAnalysisRunner will not be running.
RoslynAnalysisRunner has terminated.
Mono: successfully reloaded assembly
- Completed reload, in  0.671 seconds
Platform modules already initialized, skipping
Refreshing native plugins compatible for Editor in 0.53 ms, found 0 plugins.
Preloading 0 native plugins for Editor in 0.00 ms.
Unloading 1406 Unused Serialized files (Serialized files now loaded: 0)
System memory in use before: 66.4 MB.
System memory in use after: 66.5 MB.

Unloading 24 unused Assets to reduce memory usage. Loaded Objects now: 1865.
Total: 1.788900 ms (FindLiveObjects: 0.132100 ms CreateObjectMapping: 0.038500 ms MarkObjects: 1.601700 ms  DeleteObjects: 0.015700 ms)

========================================================================
Received Prepare
Registering precompiled user dll's ...
Registered in 0.002651 seconds.
Begin MonoManager ReloadAssembly
Native extension for WindowsStandalone target not found
Refreshing native plugins compatible for Editor in 0.34 ms, found 0 plugins.
Preloading 0 native plugins for Editor in 0.00 ms.
Invoked RoslynAnalysisRunner static constructor.
RoslynAnalysisRunner will not be running.
RoslynAnalysisRunner has terminated.
Mono: successfully reloaded assembly
- Completed reload, in  0.653 seconds
Platform modules already initialized, skipping
Refreshing native plugins compatible for Editor in 0.39 ms, found 0 plugins.
Preloading 0 native plugins for Editor in 0.00 ms.
Unloading 1406 Unused Serialized files (Serialized files now loaded: 0)
System memory in use before: 66.6 MB.
System memory in use after: 66.8 MB.

Unloading 24 unused Assets to reduce memory usage. Loaded Objects now: 1867.
Total: 1.840600 ms (FindLiveObjects: 0.168800 ms CreateObjectMapping: 0.055800 ms MarkObjects: 1.597900 ms  DeleteObjects: 0.017300 ms)

========================================================================
Received Prepare
Registering precompiled user dll's ...
Registered in 0.002037 seconds.
Begin MonoManager ReloadAssembly
Native extension for WindowsStandalone target not found
Refreshing native plugins compatible for Editor in 0.34 ms, found 0 plugins.
Preloading 0 native plugins for Editor in 0.00 ms.
Invoked RoslynAnalysisRunner static constructor.
RoslynAnalysisRunner will not be running.
RoslynAnalysisRunner has terminated.
Mono: successfully reloaded assembly
- Completed reload, in  0.680 seconds
Platform modules already initialized, skipping
Refreshing native plugins compatible for Editor in 0.45 ms, found 0 plugins.
Preloading 0 native plugins for Editor in 0.00 ms.
Unloading 1406 Unused Serialized files (Serialized files now loaded: 0)
System memory in use before: 66.8 MB.
System memory in use after: 66.9 MB.

Unloading 24 unused Assets to reduce memory usage. Loaded Objects now: 1869.
Total: 1.805300 ms (FindLiveObjects: 0.174100 ms CreateObjectMapping: 0.047200 ms MarkObjects: 1.560500 ms  DeleteObjects: 0.021200 ms)

========================================================================
Received Prepare
Registering precompiled user dll's ...
Registered in 0.001682 seconds.
Begin MonoManager ReloadAssembly
Native extension for WindowsStandalone target not found
Refreshing native plugins compatible for Editor in 0.35 ms, found 0 plugins.
Preloading 0 native plugins for Editor in 0.00 ms.
Invoked RoslynAnalysisRunner static constructor.
RoslynAnalysisRunner will not be running.
RoslynAnalysisRunner has terminated.
Mono: successfully reloaded assembly
- Completed reload, in  0.674 seconds
Platform modules already initialized, skipping
Refreshing native plugins compatible for Editor in 0.37 ms, found 0 plugins.
Preloading 0 native plugins for Editor in 0.00 ms.
Unloading 1406 Unused Serialized files (Serialized files now loaded: 0)
System memory in use before: 67.0 MB.
System memory in use after: 67.1 MB.

Unloading 24 unused Assets to reduce memory usage. Loaded Objects now: 1871.
Total: 1.607000 ms (FindLiveObjects: 0.140700 ms CreateObjectMapping: 0.043100 ms MarkObjects: 1.408600 ms  DeleteObjects: 0.013800 ms)

========================================================================
Received Prepare
Registering precompiled user dll's ...
Registered in 0.001704 seconds.
Begin MonoManager ReloadAssembly
Native extension for WindowsStandalone target not found
Refreshing native plugins compatible for Editor in 0.36 ms, found 0 plugins.
Preloading 0 native plugins for Editor in 0.00 ms.
Invoked RoslynAnalysisRunner static constructor.
RoslynAnalysisRunner will not be running.
RoslynAnalysisRunner has terminated.
Mono: successfully reloaded assembly
- Completed reload, in  0.651 seconds
Platform modules already initialized, skipping
Refreshing native plugins compatible for Editor in 0.36 ms, found 0 plugins.
Preloading 0 native plugins for Editor in 0.00 ms.
Unloading 1406 Unused Serialized files (Serialized files now loaded: 0)
System memory in use before: 67.1 MB.
System memory in use after: 67.3 MB.

Unloading 24 unused Assets to reduce memory usage. Loaded Objects now: 1873.
Total: 1.780100 ms (FindLiveObjects: 0.153000 ms CreateObjectMapping: 0.039300 ms MarkObjects: 1.572200 ms  DeleteObjects: 0.014600 ms)

========================================================================
Received Prepare
Registering precompiled user dll's ...
Registered in 0.001684 seconds.
Begin MonoManager ReloadAssembly
Native extension for WindowsStandalone target not found
Refreshing native plugins compatible for Editor in 0.34 ms, found 0 plugins.
Preloading 0 native plugins for Editor in 0.00 ms.
Invoked RoslynAnalysisRunner static constructor.
RoslynAnalysisRunner will not be running.
RoslynAnalysisRunner has terminated.
Mono: successfully reloaded assembly
- Completed reload, in  0.679 seconds
Platform modules already initialized, skipping
Refreshing native plugins compatible for Editor in 0.39 ms, found 0 plugins.
Preloading 0 native plugins for Editor in 0.00 ms.
Unloading 1406 Unused Serialized files (Serialized files now loaded: 0)
System memory in use before: 67.3 MB.
System memory in use after: 67.4 MB.

Unloading 24 unused Assets to reduce memory usage. Loaded Objects now: 1875.
Total: 1.891500 ms (FindLiveObjects: 0.219300 ms CreateObjectMapping: 0.069500 ms MarkObjects: 1.564900 ms  DeleteObjects: 0.037100 ms)

========================================================================
Received Prepare
Registering precompiled user dll's ...
Registered in 0.001643 seconds.
Begin MonoManager ReloadAssembly
Native extension for WindowsStandalone target not found
Refreshing native plugins compatible for Editor in 0.39 ms, found 0 plugins.
Preloading 0 native plugins for Editor in 0.00 ms.
Invoked RoslynAnalysisRunner static constructor.
RoslynAnalysisRunner will not be running.
RoslynAnalysisRunner has terminated.
Mono: successfully reloaded assembly
- Completed reload, in  0.678 seconds
Platform modules already initialized, skipping
Refreshing native plugins compatible for Editor in 0.35 ms, found 0 plugins.
Preloading 0 native plugins for Editor in 0.00 ms.
Unloading 1406 Unused Serialized files (Serialized files now loaded: 0)
System memory in use before: 67.4 MB.
System memory in use after: 67.5 MB.

Unloading 24 unused Assets to reduce memory usage. Loaded Objects now: 1877.
Total: 1.844300 ms (FindLiveObjects: 0.167800 ms CreateObjectMapping: 0.039800 ms MarkObjects: 1.617500 ms  DeleteObjects: 0.018400 ms)

========================================================================
Received Prepare
Registering precompiled user dll's ...
Registered in 0.001843 seconds.
Begin MonoManager ReloadAssembly
Native extension for WindowsStandalone target not found
Refreshing native plugins compatible for Editor in 0.33 ms, found 0 plugins.
Preloading 0 native plugins for Editor in 0.00 ms.
Invoked RoslynAnalysisRunner static constructor.
RoslynAnalysisRunner will not be running.
RoslynAnalysisRunner has terminated.
Mono: successfully reloaded assembly
- Completed reload, in  0.662 seconds
Platform modules already initialized, skipping
Refreshing native plugins compatible for Editor in 0.46 ms, found 0 plugins.
Preloading 0 native plugins for Editor in 0.00 ms.
Unloading 1406 Unused Serialized files (Serialized files now loaded: 0)
System memory in use before: 66.6 MB.
System memory in use after: 66.8 MB.

Unloading 24 unused Assets to reduce memory usage. Loaded Objects now: 1879.
Total: 1.726900 ms (FindLiveObjects: 0.148400 ms CreateObjectMapping: 0.047300 ms MarkObjects: 1.513900 ms  DeleteObjects: 0.016700 ms)

========================================================================
Received Import Request.
  path: Assets/Scripts/Pickup.cs
  artifactKey: Guid(aa713b0fe7bae8748bb283cace4827ae) Importer(815301076,1909f56bfc062723c751e8b465ee728b)
Start importing Assets/Scripts/Pickup.cs using Guid(aa713b0fe7bae8748bb283cace4827ae) Importer(815301076,1909f56bfc062723c751e8b465ee728b)  -> (artifact id: 'eb3f704ba847ac9b17050e782e4b19ba') in 0.045911 seconds
  Import took 0.048611 seconds .

========================================================================
Received Import Request.
  Time since last request: 8.969854 seconds.
  path: Assets/Prefabs/Pickup.prefab
  artifactKey: Guid(ddde15b7c3345384f8aa9a2f9aff5291) Importer(815301076,1909f56bfc062723c751e8b465ee728b)
Start importing Assets/Prefabs/Pickup.prefab using Guid(ddde15b7c3345384f8aa9a2f9aff5291) Importer(815301076,1909f56bfc062723c751e8b465ee728b)  -> (artifact id: 'ce27951922be0a19e1cb939fa701e893') in 0.089419 seconds
  Import took 0.091884 seconds .

========================================================================
Received Prepare
Registering precompiled user dll's ...
Registered in 0.002653 seconds.
Begin MonoManager ReloadAssembly
Native extension for WindowsStandalone target not found
Refreshing native plugins compatible for Editor in 0.34 ms, found 0 plugins.
Preloading 0 native plugins for Editor in 0.00 ms.
Invoked RoslynAnalysisRunner static constructor.
RoslynAnalysisRunner will not be running.
RoslynAnalysisRunner has terminated.
Mono: successfully reloaded assembly
- Completed reload, in  0.695 seconds
Platform modules already initialized, skipping
Refreshing native plugins compatible for Editor in 0.34 ms, found 0 plugins.
Preloading 0 native plugins for Editor in 0.00 ms.
Unloading 1406 Unused Serialized files (Serialized files now loaded: 0)
System memory in use before: 70.0 MB.
System memory in use after: 70.1 MB.

Unloading 26 unused Assets to reduce memory usage. Loaded Objects now: 1888.
Total: 1.742200 ms (FindLiveObjects: 0.160100 ms CreateObjectMapping: 0.044000 ms MarkObjects: 1.479900 ms  DeleteObjects: 0.057300 ms)

========================================================================
Received Import Request.
  Time since last request: 108.944585 seconds.
  path: Assets/Sprites/power up 5.png
  artifactKey: Guid(8536ee4d71461994b87d9da46f44a2e7) Importer(815301076,1909f56bfc062723c751e8b465ee728b)
Start importing Assets/Sprites/power up 5.png using Guid(8536ee4d71461994b87d9da46f44a2e7) Importer(815301076,1909f56bfc062723c751e8b465ee728b)  -> (artifact id: 'b9bf2f6628bbf74afa08a144aab1b397') in 0.085329 seconds
  Import took 0.088049 seconds .

========================================================================
Received Import Request.
  Time since last request: 10.676142 seconds.
  path: Assets/Sprites/power up 1.png
  artifactKey: Guid(b83352443288c62478b02583049dfb7e) Importer(815301076,1909f56bfc062723c751e8b465ee728b)
Start importing Assets/Sprites/power up 1.png using Guid(b83352443288c62478b02583049dfb7e) Importer(815301076,1909f56bfc062723c751e8b465ee728b)  -> (artifact id: 'bb4b77a8b9ca6ba940984262246987fe') in 0.014022 seconds
  Import took 0.018015 seconds .

========================================================================
Received Import Request.
  Time since last request: 0.001332 seconds.
  path: Assets/Sprites/power up 1.png
  artifactKey: Guid(b83352443288c62478b02583049dfb7e) Importer(815301076,1909f56bfc062723c751e8b465ee728b)
Start importing Assets/Sprites/power up 1.png using Guid(b83352443288c62478b02583049dfb7e) Importer(815301076,1909f56bfc062723c751e8b465ee728b)  -> (artifact id: 'bb4b77a8b9ca6ba940984262246987fe') in 0.013308 seconds
  Import took 0.015498 seconds .

========================================================================
Received Import Request.
  Time since last request: 0.569420 seconds.
  path: Assets/Sprites/power up 2.png
  artifactKey: Guid(1404ce32aeb42414e9959a7bacf947ad) Importer(815301076,1909f56bfc062723c751e8b465ee728b)
Start importing Assets/Sprites/power up 2.png using Guid(1404ce32aeb42414e9959a7bacf947ad) Importer(815301076,1909f56bfc062723c751e8b465ee728b)  -> (artifact id: 'e101b2c784d9099f5f78323f159d0a2c') in 0.012229 seconds
  Import took 0.015589 seconds .

========================================================================
Received Import Request.
  Time since last request: 0.000457 seconds.
  path: Assets/Sprites/power up 2.png
  artifactKey: Guid(1404ce32aeb42414e9959a7bacf947ad) Importer(815301076,1909f56bfc062723c751e8b465ee728b)
Start importing Assets/Sprites/power up 2.png using Guid(1404ce32aeb42414e9959a7bacf947ad) Importer(815301076,1909f56bfc062723c751e8b465ee728b)  -> (artifact id: 'e101b2c784d9099f5f78323f159d0a2c') in 0.010795 seconds
  Import took 0.012758 seconds .

========================================================================
Received Import Request.
  Time since last request: 0.360889 seconds.
  path: Assets/Sprites/power up 3.png
  artifactKey: Guid(d7ed3adc56613ff46b311d6e61f0e57e) Importer(815301076,1909f56bfc062723c751e8b465ee728b)
Start importing Assets/Sprites/power up 3.png using Guid(d7ed3adc56613ff46b311d6e61f0e57e) Importer(815301076,1909f56bfc062723c751e8b465ee728b)  -> (artifact id: '80cc7969c79c3bc941935529bf994ec6') in 0.013148 seconds
  Import took 0.017651 seconds .

========================================================================
Received Import Request.
  Time since last request: 0.002010 seconds.
  path: Assets/Sprites/power up 3.png
  artifactKey: Guid(d7ed3adc56613ff46b311d6e61f0e57e) Importer(815301076,1909f56bfc062723c751e8b465ee728b)
Start importing Assets/Sprites/power up 3.png using Guid(d7ed3adc56613ff46b311d6e61f0e57e) Importer(815301076,1909f56bfc062723c751e8b465ee728b)  -> (artifact id: '80cc7969c79c3bc941935529bf994ec6') in 0.017144 seconds
  Import took 0.020864 seconds .

========================================================================
Received Import Request.
  Time since last request: 0.895017 seconds.
  path: Assets/Sprites/power up 7.png
  artifactKey: Guid(ba591c06b8c07d34a8577aee55bae05d) Importer(815301076,1909f56bfc062723c751e8b465ee728b)
Start importing Assets/Sprites/power up 7.png using Guid(ba591c06b8c07d34a8577aee55bae05d) Importer(815301076,1909f56bfc062723c751e8b465ee728b)  -> (artifact id: '681a7c8effea96d8e7fa9deac16ac4fe') in 0.009975 seconds
  Import took 0.012050 seconds .

========================================================================
Received Import Request.
  Time since last request: 64.845623 seconds.
  path: Assets/Sprites/Weapon 1.png
  artifactKey: Guid(b83352443288c62478b02583049dfb7e) Importer(815301076,1909f56bfc062723c751e8b465ee728b)
Start importing Assets/Sprites/Weapon 1.png using Guid(b83352443288c62478b02583049dfb7e) Importer(815301076,1909f56bfc062723c751e8b465ee728b)  -> (artifact id: 'be4bdfd3a7b4df309c04daf63e2d0eb7') in 0.016674 seconds
  Import took 0.019159 seconds .

========================================================================
Received Import Request.
  Time since last request: 10.477533 seconds.
  path: Assets/Sprites/Weapon 2.png
  artifactKey: Guid(1404ce32aeb42414e9959a7bacf947ad) Importer(815301076,1909f56bfc062723c751e8b465ee728b)
Start importing Assets/Sprites/Weapon 2.png using Guid(1404ce32aeb42414e9959a7bacf947ad) Importer(815301076,1909f56bfc062723c751e8b465ee728b)  -> (artifact id: '930a0fdd17a0fad7570f1ebb275c88e0') in 0.012548 seconds
  Import took 0.014666 seconds .

========================================================================
Received Import Request.
  Time since last request: 5.474111 seconds.
  path: Assets/Sprites/Weapon 3.png
  artifactKey: Guid(d7ed3adc56613ff46b311d6e61f0e57e) Importer(815301076,1909f56bfc062723c751e8b465ee728b)
Start importing Assets/Sprites/Weapon 3.png using Guid(d7ed3adc56613ff46b311d6e61f0e57e) Importer(815301076,1909f56bfc062723c751e8b465ee728b)  -> (artifact id: '4d37923c9285eb226a5e443f86f011ff') in 0.017252 seconds
  Import took 0.019433 seconds .

========================================================================
Received Import Request.
  Time since last request: 0.706364 seconds.
  path: Assets/Sprites/power up 4.png
  artifactKey: Guid(0ca7ea6feccd24945b75ff83abfc6df3) Importer(815301076,1909f56bfc062723c751e8b465ee728b)
Start importing Assets/Sprites/power up 4.png using Guid(0ca7ea6feccd24945b75ff83abfc6df3) Importer(815301076,1909f56bfc062723c751e8b465ee728b)  -> (artifact id: '188aa8c41b9927d14ac214d3b040e38f') in 0.012607 seconds
  Import took 0.015267 seconds .

========================================================================
Received Import Request.
  Time since last request: 5.583717 seconds.
  path: Assets/Sprites/Weapon 4.png
  artifactKey: Guid(0ca7ea6feccd24945b75ff83abfc6df3) Importer(815301076,1909f56bfc062723c751e8b465ee728b)
Start importing Assets/Sprites/Weapon 4.png using Guid(0ca7ea6feccd24945b75ff83abfc6df3) Importer(815301076,1909f56bfc062723c751e8b465ee728b)  -> (artifact id: 'fecbd957b683b5d6c149e51d8be2f2c7') in 0.022998 seconds
  Import took 0.027406 seconds .

========================================================================
Received Import Request.
  Time since last request: 5.197385 seconds.
  path: Assets/Sprites/Weapon 5.png
  artifactKey: Guid(8536ee4d71461994b87d9da46f44a2e7) Importer(815301076,1909f56bfc062723c751e8b465ee728b)
Start importing Assets/Sprites/Weapon 5.png using Guid(8536ee4d71461994b87d9da46f44a2e7) Importer(815301076,1909f56bfc062723c751e8b465ee728b)  -> (artifact id: '4c1001b6cff0f95fa85f9dbf25895066') in 0.014606 seconds
  Import took 0.017280 seconds .

========================================================================
Received Import Request.
  Time since last request: 1.064111 seconds.
  path: Assets/Sprites/Medium Battery.png
  artifactKey: Guid(fc58e67a1a9f96f4b96b56c39ab71424) Importer(815301076,1909f56bfc062723c751e8b465ee728b)
Start importing Assets/Sprites/Medium Battery.png using Guid(fc58e67a1a9f96f4b96b56c39ab71424) Importer(815301076,1909f56bfc062723c751e8b465ee728b)  -> (artifact id: '8a903a084dd49c577ebc24f30084a453') in 0.011705 seconds
  Import took 0.014146 seconds .

========================================================================
Received Import Request.
  Time since last request: 4.714718 seconds.
  path: Assets/Sprites/power up 8.png
  artifactKey: Guid(863e3bf85f4272d43b2723f273695b09) Importer(815301076,1909f56bfc062723c751e8b465ee728b)
Start importing Assets/Sprites/power up 8.png using Guid(863e3bf85f4272d43b2723f273695b09) Importer(815301076,1909f56bfc062723c751e8b465ee728b)  -> (artifact id: 'd7f57357055920aeab3f6db5dea2bbcc') in 0.012242 seconds
  Import took 0.014561 seconds .

========================================================================
Received Import Request.
  Time since last request: 0.001601 seconds.
  path: Assets/Sprites/power up 8.png
  artifactKey: Guid(863e3bf85f4272d43b2723f273695b09) Importer(815301076,1909f56bfc062723c751e8b465ee728b)
Start importing Assets/Sprites/power up 8.png using Guid(863e3bf85f4272d43b2723f273695b09) Importer(815301076,1909f56bfc062723c751e8b465ee728b)  -> (artifact id: 'd7f57357055920aeab3f6db5dea2bbcc') in 0.010557 seconds
  Import took 0.013142 seconds .

========================================================================
Received Import Request.
  Time since last request: 6.995940 seconds.
  path: Assets/Sprites/Battery 8.png
  artifactKey: Guid(863e3bf85f4272d43b2723f273695b09) Importer(815301076,1909f56bfc062723c751e8b465ee728b)
Start importing Assets/Sprites/Battery 8.png using Guid(863e3bf85f4272d43b2723f273695b09) Importer(815301076,1909f56bfc062723c751e8b465ee728b)  -> (artifact id: 'de2969ea0f27a74c144a11c65e7b3412') in 0.017210 seconds
  Import took 0.021049 seconds .

========================================================================
Received Import Request.
  Time since last request: 1.915946 seconds.
  path: Assets/Sprites/power up 6.png
  artifactKey: Guid(1f28599e9b0fe964991edef03e59e1b4) Importer(815301076,1909f56bfc062723c751e8b465ee728b)
Start importing Assets/Sprites/power up 6.png using Guid(1f28599e9b0fe964991edef03e59e1b4) Importer(815301076,1909f56bfc062723c751e8b465ee728b)  -> (artifact id: 'ee7635c81a618a6d82ffeaa37c14b1a5') in 0.020793 seconds
  Import took 0.024992 seconds .

========================================================================
Received Import Request.
  Time since last request: 4.313691 seconds.
  path: Assets/Sprites/Battery 6.png
  artifactKey: Guid(1f28599e9b0fe964991edef03e59e1b4) Importer(815301076,1909f56bfc062723c751e8b465ee728b)
Start importing Assets/Sprites/Battery 6.png using Guid(1f28599e9b0fe964991edef03e59e1b4) Importer(815301076,1909f56bfc062723c751e8b465ee728b)  -> (artifact id: 'e300f16dd0cb324849a790906d317b75') in 0.013053 seconds
  Import took 0.015866 seconds .

========================================================================
Received Import Request.
  Time since last request: 6.114888 seconds.
  path: Assets/Sprites/Battery 7.png
  artifactKey: Guid(ba591c06b8c07d34a8577aee55bae05d) Importer(815301076,1909f56bfc062723c751e8b465ee728b)
Start importing Assets/Sprites/Battery 7.png using Guid(ba591c06b8c07d34a8577aee55bae05d) Importer(815301076,1909f56bfc062723c751e8b465ee728b)  -> (artifact id: 'de898e48321eeb791053be054d71491a') in 0.010059 seconds
  Import took 0.012632 seconds .

========================================================================
Received Prepare
Registering precompiled user dll's ...
Registered in 0.001969 seconds.
Begin MonoManager ReloadAssembly
Native extension for WindowsStandalone target not found
Refreshing native plugins compatible for Editor in 0.35 ms, found 0 plugins.
Preloading 0 native plugins for Editor in 0.00 ms.
Invoked RoslynAnalysisRunner static constructor.
RoslynAnalysisRunner will not be running.
RoslynAnalysisRunner has terminated.
Mono: successfully reloaded assembly
- Completed reload, in  0.681 seconds
Platform modules already initialized, skipping
Refreshing native plugins compatible for Editor in 0.48 ms, found 0 plugins.
Preloading 0 native plugins for Editor in 0.00 ms.
Unloading 1406 Unused Serialized files (Serialized files now loaded: 0)
System memory in use before: 70.1 MB.
System memory in use after: 70.2 MB.

Unloading 24 unused Assets to reduce memory usage. Loaded Objects now: 1894.
Total: 1.746900 ms (FindLiveObjects: 0.161900 ms CreateObjectMapping: 0.049500 ms MarkObjects: 1.515400 ms  DeleteObjects: 0.019100 ms)

========================================================================
Received Import Request.
  Time since last request: 755.165146 seconds.
  path: Assets/Scripts/WeaponSelector.cs
  artifactKey: Guid(687f2b27861beee429a7c1ec03e2d877) Importer(815301076,1909f56bfc062723c751e8b465ee728b)
Start importing Assets/Scripts/WeaponSelector.cs using Guid(687f2b27861beee429a7c1ec03e2d877) Importer(815301076,1909f56bfc062723c751e8b465ee728b)  -> (artifact id: '58e9ea11da4fb27d020b8e0388e9ce3b') in 0.010418 seconds
  Import took 0.013024 seconds .

========================================================================
Received Import Request.
  Time since last request: 16.445075 seconds.
  path: Assets/Tutorial.cs
  artifactKey: Guid(f9366ee18e6988c42a60b73b2a8d3774) Importer(815301076,1909f56bfc062723c751e8b465ee728b)
Start importing Assets/Tutorial.cs using Guid(f9366ee18e6988c42a60b73b2a8d3774) Importer(815301076,1909f56bfc062723c751e8b465ee728b)  -> (artifact id: '5db1f30b94bb0dd34c2479186c5d589e') in 0.005810 seconds
  Import took 0.008517 seconds .

========================================================================
Received Import Request.
  Time since last request: 1.217342 seconds.
  path: Assets/StoryController.cs
  artifactKey: Guid(25af3107928c71e4886274e1e54cfa70) Importer(815301076,1909f56bfc062723c751e8b465ee728b)
Start importing Assets/StoryController.cs using Guid(25af3107928c71e4886274e1e54cfa70) Importer(815301076,1909f56bfc062723c751e8b465ee728b)  -> (artifact id: '060cf8e8c09bce139e1e59ec352fc364') in 0.005858 seconds
  Import took 0.008925 seconds .

========================================================================
Received Prepare
Registering precompiled user dll's ...
Registered in 0.002411 seconds.
Begin MonoManager ReloadAssembly
Native extension for WindowsStandalone target not found
Refreshing native plugins compatible for Editor in 0.35 ms, found 0 plugins.
Preloading 0 native plugins for Editor in 0.00 ms.
Invoked RoslynAnalysisRunner static constructor.
RoslynAnalysisRunner will not be running.
RoslynAnalysisRunner has terminated.
Mono: successfully reloaded assembly
- Completed reload, in  0.725 seconds
Platform modules already initialized, skipping
Refreshing native plugins compatible for Editor in 0.37 ms, found 0 plugins.
Preloading 0 native plugins for Editor in 0.00 ms.
Unloading 1406 Unused Serialized files (Serialized files now loaded: 0)
System memory in use before: 70.3 MB.
System memory in use after: 70.4 MB.

Unloading 24 unused Assets to reduce memory usage. Loaded Objects now: 1896.
Total: 1.554900 ms (FindLiveObjects: 0.154500 ms CreateObjectMapping: 0.047000 ms MarkObjects: 1.337200 ms  DeleteObjects: 0.015400 ms)

========================================================================
Received Prepare
Registering precompiled user dll's ...
Registered in 0.001752 seconds.
Begin MonoManager ReloadAssembly
Native extension for WindowsStandalone target not found
Refreshing native plugins compatible for Editor in 0.37 ms, found 0 plugins.
Preloading 0 native plugins for Editor in 0.00 ms.
Invoked RoslynAnalysisRunner static constructor.
RoslynAnalysisRunner will not be running.
RoslynAnalysisRunner has terminated.
Mono: successfully reloaded assembly
- Completed reload, in  0.663 seconds
Platform modules already initialized, skipping
Refreshing native plugins compatible for Editor in 0.37 ms, found 0 plugins.
Preloading 0 native plugins for Editor in 0.00 ms.
Unloading 1406 Unused Serialized files (Serialized files now loaded: 0)
System memory in use before: 70.5 MB.
System memory in use after: 70.6 MB.

Unloading 24 unused Assets to reduce memory usage. Loaded Objects now: 1898.
Total: 1.774800 ms (FindLiveObjects: 0.160800 ms CreateObjectMapping: 0.038400 ms MarkObjects: 1.560200 ms  DeleteObjects: 0.014400 ms)

========================================================================
Received Import Request.
  Time since last request: 27.302600 seconds.
  path: Assets/Scripts/Weapon.cs
  artifactKey: Guid(30cc405fd67e91b43bddb2dff57741b2) Importer(815301076,1909f56bfc062723c751e8b465ee728b)
Start importing Assets/Scripts/Weapon.cs using Guid(30cc405fd67e91b43bddb2dff57741b2) Importer(815301076,1909f56bfc062723c751e8b465ee728b)  -> (artifact id: '9313a16a37e1f0e6a8b4af64feb28452') in 0.007321 seconds
  Import took 0.009573 seconds .

========================================================================
Received Prepare
Registering precompiled user dll's ...
Registered in 0.001755 seconds.
Begin MonoManager ReloadAssembly
Native extension for WindowsStandalone target not found
Refreshing native plugins compatible for Editor in 0.35 ms, found 0 plugins.
Preloading 0 native plugins for Editor in 0.00 ms.
Invoked RoslynAnalysisRunner static constructor.
RoslynAnalysisRunner will not be running.
RoslynAnalysisRunner has terminated.
Mono: successfully reloaded assembly
- Completed reload, in  0.715 seconds
Platform modules already initialized, skipping
Refreshing native plugins compatible for Editor in 0.39 ms, found 0 plugins.
Preloading 0 native plugins for Editor in 0.00 ms.
Unloading 1407 Unused Serialized files (Serialized files now loaded: 0)
System memory in use before: 70.6 MB.
System memory in use after: 70.7 MB.

Unloading 24 unused Assets to reduce memory usage. Loaded Objects now: 1901.
Total: 2.133800 ms (FindLiveObjects: 0.239300 ms CreateObjectMapping: 0.049300 ms MarkObjects: 1.825500 ms  DeleteObjects: 0.018700 ms)

========================================================================
Received Prepare
Registering precompiled user dll's ...
Registered in 0.001739 seconds.
Begin MonoManager ReloadAssembly
Native extension for WindowsStandalone target not found
Refreshing native plugins compatible for Editor in 0.36 ms, found 0 plugins.
Preloading 0 native plugins for Editor in 0.00 ms.
Invoked RoslynAnalysisRunner static constructor.
RoslynAnalysisRunner will not be running.
RoslynAnalysisRunner has terminated.
Mono: successfully reloaded assembly
- Completed reload, in  0.754 seconds
Platform modules already initialized, skipping
Refreshing native plugins compatible for Editor in 0.35 ms, found 0 plugins.
Preloading 0 native plugins for Editor in 0.00 ms.
Unloading 1407 Unused Serialized files (Serialized files now loaded: 0)
System memory in use before: 69.8 MB.
System memory in use after: 69.9 MB.

Unloading 24 unused Assets to reduce memory usage. Loaded Objects now: 1903.
Total: 1.455800 ms (FindLiveObjects: 0.172100 ms CreateObjectMapping: 0.036400 ms MarkObjects: 1.231700 ms  DeleteObjects: 0.014600 ms)

========================================================================
Received Prepare
Registering precompiled user dll's ...
Registered in 0.001756 seconds.
Begin MonoManager ReloadAssembly
Native extension for WindowsStandalone target not found
Refreshing native plugins compatible for Editor in 0.41 ms, found 0 plugins.
Preloading 0 native plugins for Editor in 0.00 ms.
Invoked RoslynAnalysisRunner static constructor.
RoslynAnalysisRunner will not be running.
RoslynAnalysisRunner has terminated.
Mono: successfully reloaded assembly
- Completed reload, in  0.665 seconds
Platform modules already initialized, skipping
Refreshing native plugins compatible for Editor in 0.36 ms, found 0 plugins.
Preloading 0 native plugins for Editor in 0.00 ms.
Unloading 1407 Unused Serialized files (Serialized files now loaded: 0)
System memory in use before: 70.0 MB.
System memory in use after: 70.1 MB.

Unloading 24 unused Assets to reduce memory usage. Loaded Objects now: 1905.
Total: 1.793700 ms (FindLiveObjects: 0.159700 ms CreateObjectMapping: 0.044800 ms MarkObjects: 1.572500 ms  DeleteObjects: 0.015600 ms)

========================================================================
Received Import Request.
  Time since last request: 729.138430 seconds.
  path: Assets/Prefabs/Scatter Blast.prefab
  artifactKey: Guid(53545f89476ae9845ad90676a6aa7ad9) Importer(815301076,1909f56bfc062723c751e8b465ee728b)
Start importing Assets/Prefabs/Scatter Blast.prefab using Guid(53545f89476ae9845ad90676a6aa7ad9) Importer(815301076,1909f56bfc062723c751e8b465ee728b)  -> (artifact id: '86d8470bb5c73ff76f2161649365b4cd') in 0.059434 seconds
  Import took 0.063313 seconds .

========================================================================
Received Import Request.
  Time since last request: 0.000707 seconds.
  path: Assets/Prefabs/Scatter Blast.prefab
  artifactKey: Guid(53545f89476ae9845ad90676a6aa7ad9) Importer(815301076,1909f56bfc062723c751e8b465ee728b)
Start importing Assets/Prefabs/Scatter Blast.prefab using Guid(53545f89476ae9845ad90676a6aa7ad9) Importer(815301076,1909f56bfc062723c751e8b465ee728b)  -> (artifact id: '86d8470bb5c73ff76f2161649365b4cd') in 0.006305 seconds
  Import took 0.008375 seconds .

========================================================================
Received Prepare
Registering precompiled user dll's ...
Registered in 0.002562 seconds.
Begin MonoManager ReloadAssembly
Native extension for WindowsStandalone target not found
Refreshing native plugins compatible for Editor in 0.35 ms, found 0 plugins.
Preloading 0 native plugins for Editor in 0.00 ms.
Invoked RoslynAnalysisRunner static constructor.
RoslynAnalysisRunner will not be running.
RoslynAnalysisRunner has terminated.
Mono: successfully reloaded assembly
- Completed reload, in  0.788 seconds
Platform modules already initialized, skipping
Refreshing native plugins compatible for Editor in 0.60 ms, found 0 plugins.
Preloading 0 native plugins for Editor in 0.00 ms.
Unloading 1407 Unused Serialized files (Serialized files now loaded: 0)
System memory in use before: 70.1 MB.
System memory in use after: 70.2 MB.

Unloading 24 unused Assets to reduce memory usage. Loaded Objects now: 1908.
Total: 1.939600 ms (FindLiveObjects: 0.297200 ms CreateObjectMapping: 0.090800 ms MarkObjects: 1.519600 ms  DeleteObjects: 0.030700 ms)

========================================================================
Received Import Request.
  Time since last request: 61.330169 seconds.
  path: Assets/Sprites/Weapon.png
  artifactKey: Guid(b83352443288c62478b02583049dfb7e) Importer(815301076,1909f56bfc062723c751e8b465ee728b)
Start importing Assets/Sprites/Weapon.png using Guid(b83352443288c62478b02583049dfb7e) Importer(815301076,1909f56bfc062723c751e8b465ee728b)  -> (artifact id: '5543f86e6222b44d5c9d12f1b9f17842') in 0.055724 seconds
  Import took 0.058520 seconds .

========================================================================
Received Import Request.
  Time since last request: 6.431112 seconds.
  path: Assets/Sprites/Weapon 1.png
  artifactKey: Guid(8536ee4d71461994b87d9da46f44a2e7) Importer(815301076,1909f56bfc062723c751e8b465ee728b)
Start importing Assets/Sprites/Weapon 1.png using Guid(8536ee4d71461994b87d9da46f44a2e7) Importer(815301076,1909f56bfc062723c751e8b465ee728b)  -> (artifact id: 'ae296f100a4327fd7249b99b4e98adc8') in 0.007691 seconds
  Import took 0.012152 seconds .

========================================================================
Received Import Request.
  Time since last request: 121.006922 seconds.
  path: Assets/Sprites/Weapon 6.png
  artifactKey: Guid(0ca7ea6feccd24945b75ff83abfc6df3) Importer(815301076,1909f56bfc062723c751e8b465ee728b)
Start importing Assets/Sprites/Weapon 6.png using Guid(0ca7ea6feccd24945b75ff83abfc6df3) Importer(815301076,1909f56bfc062723c751e8b465ee728b)  -> (artifact id: '5b536ee7e7d1008adb1cf0c8cd7c6a3e') in 0.051995 seconds
  Import took 0.054821 seconds .

========================================================================
Received Import Request.
  Time since last request: 9.214720 seconds.
  path: Assets/Sprites/Weapon 4.png
  artifactKey: Guid(d7ed3adc56613ff46b311d6e61f0e57e) Importer(815301076,1909f56bfc062723c751e8b465ee728b)
Start importing Assets/Sprites/Weapon 4.png using Guid(d7ed3adc56613ff46b311d6e61f0e57e) Importer(815301076,1909f56bfc062723c751e8b465ee728b)  -> (artifact id: '14430d9b6b59f2d43f26de90b01fd1e7') in 0.011384 seconds
  Import took 0.013480 seconds .

========================================================================
Received Import Request.
  Time since last request: 8.094215 seconds.
  path: Assets/Sprites/Weapon 3.png
  artifactKey: Guid(1404ce32aeb42414e9959a7bacf947ad) Importer(815301076,1909f56bfc062723c751e8b465ee728b)
Start importing Assets/Sprites/Weapon 3.png using Guid(1404ce32aeb42414e9959a7bacf947ad) Importer(815301076,1909f56bfc062723c751e8b465ee728b)  -> (artifact id: '225ea1a191416e38ee480acebc5271e6') in 0.013372 seconds
  Import took 0.016369 seconds .

========================================================================
Received Import Request.
  Time since last request: 5.644290 seconds.
  path: Assets/Sprites/Weapon 2.png
  artifactKey: Guid(b83352443288c62478b02583049dfb7e) Importer(815301076,1909f56bfc062723c751e8b465ee728b)
Start importing Assets/Sprites/Weapon 2.png using Guid(b83352443288c62478b02583049dfb7e) Importer(815301076,1909f56bfc062723c751e8b465ee728b)  -> (artifact id: '42497b77928a17ebb0dd98d7a84701af') in 0.013034 seconds
  Import took 0.015709 seconds .

========================================================================
Received Import Request.
  Time since last request: 8.247015 seconds.
  path: Assets/Sprites/Weapon 5.png
  artifactKey: Guid(0ca7ea6feccd24945b75ff83abfc6df3) Importer(815301076,1909f56bfc062723c751e8b465ee728b)
Start importing Assets/Sprites/Weapon 5.png using Guid(0ca7ea6feccd24945b75ff83abfc6df3) Importer(815301076,1909f56bfc062723c751e8b465ee728b)  -> (artifact id: '4a3aff14bfd6a8c28c7eb248abf47ae6') in 0.011804 seconds
  Import took 0.014703 seconds .

========================================================================
Received Import Request.
  Time since last request: 21.871115 seconds.
  path: Assets/Sprites/Weapon 6.png
  artifactKey: Guid(b83352443288c62478b02583049dfb7e) Importer(815301076,1909f56bfc062723c751e8b465ee728b)
Start importing Assets/Sprites/Weapon 6.png using Guid(b83352443288c62478b02583049dfb7e) Importer(815301076,1909f56bfc062723c751e8b465ee728b)  -> (artifact id: 'ab8bca9e15a082f04896110499e193fe') in 0.016439 seconds
  Import took 0.019763 seconds .

========================================================================
Received Import Request.
  Time since last request: 5.565174 seconds.
  path: Assets/Sprites/Weapon 2.png
  artifactKey: Guid(0ca7ea6feccd24945b75ff83abfc6df3) Importer(815301076,1909f56bfc062723c751e8b465ee728b)
Start importing Assets/Sprites/Weapon 2.png using Guid(0ca7ea6feccd24945b75ff83abfc6df3) Importer(815301076,1909f56bfc062723c751e8b465ee728b)  -> (artifact id: '0db8fb88bd297485dab7a09a81421d96') in 0.019408 seconds
  Import took 0.021526 seconds .

========================================================================
Received Import Request.
  Time since last request: 17.925965 seconds.
  path: Assets/Sprites/Weapon 5.png
  artifactKey: Guid(b83352443288c62478b02583049dfb7e) Importer(815301076,1909f56bfc062723c751e8b465ee728b)
Start importing Assets/Sprites/Weapon 5.png using Guid(b83352443288c62478b02583049dfb7e) Importer(815301076,1909f56bfc062723c751e8b465ee728b)  -> (artifact id: 'f609024536cb82a1cbbf1531f8011c19') in 0.017380 seconds
  Import took 0.021214 seconds .

========================================================================
Received Import Request.
  Time since last request: 0.000526 seconds.
  path: Assets/Sprites/Weapon 5.png
  artifactKey: Guid(b83352443288c62478b02583049dfb7e) Importer(815301076,1909f56bfc062723c751e8b465ee728b)
Start importing Assets/Sprites/Weapon 5.png using Guid(b83352443288c62478b02583049dfb7e) Importer(815301076,1909f56bfc062723c751e8b465ee728b)  -> (artifact id: 'f609024536cb82a1cbbf1531f8011c19') in 0.012579 seconds
  Import took 0.014894 seconds .

========================================================================
Received Prepare
Registering precompiled user dll's ...
Registered in 0.001705 seconds.
Begin MonoManager ReloadAssembly
Native extension for WindowsStandalone target not found
Refreshing native plugins compatible for Editor in 0.36 ms, found 0 plugins.
Preloading 0 native plugins for Editor in 0.00 ms.
Invoked RoslynAnalysisRunner static constructor.
RoslynAnalysisRunner will not be running.
RoslynAnalysisRunner has terminated.
Mono: successfully reloaded assembly
- Completed reload, in  0.680 seconds
Platform modules already initialized, skipping
Refreshing native plugins compatible for Editor in 0.37 ms, found 0 plugins.
Preloading 0 native plugins for Editor in 0.00 ms.
Unloading 1407 Unused Serialized files (Serialized files now loaded: 0)
System memory in use before: 70.3 MB.
System memory in use after: 70.4 MB.

Unloading 24 unused Assets to reduce memory usage. Loaded Objects now: 1911.
Total: 2.120600 ms (FindLiveObjects: 0.282800 ms CreateObjectMapping: 0.091000 ms MarkObjects: 1.714000 ms  DeleteObjects: 0.031000 ms)

========================================================================
Received Prepare
Registering precompiled user dll's ...
Registered in 0.001751 seconds.
Begin MonoManager ReloadAssembly
Native extension for WindowsStandalone target not found
Refreshing native plugins compatible for Editor in 0.36 ms, found 0 plugins.
Preloading 0 native plugins for Editor in 0.00 ms.
Invoked RoslynAnalysisRunner static constructor.
RoslynAnalysisRunner will not be running.
RoslynAnalysisRunner has terminated.
Mono: successfully reloaded assembly
- Completed reload, in  0.686 seconds
Platform modules already initialized, skipping
Refreshing native plugins compatible for Editor in 0.41 ms, found 0 plugins.
Preloading 0 native plugins for Editor in 0.00 ms.
Unloading 1407 Unused Serialized files (Serialized files now loaded: 0)
System memory in use before: 70.5 MB.
System memory in use after: 70.6 MB.

Unloading 24 unused Assets to reduce memory usage. Loaded Objects now: 1913.
Total: 1.804300 ms (FindLiveObjects: 0.155700 ms CreateObjectMapping: 0.050900 ms MarkObjects: 1.582200 ms  DeleteObjects: 0.014500 ms)

========================================================================
Received Prepare
Registering precompiled user dll's ...
Registered in 0.001703 seconds.
Begin MonoManager ReloadAssembly
Native extension for WindowsStandalone target not found
Refreshing native plugins compatible for Editor in 0.34 ms, found 0 plugins.
Preloading 0 native plugins for Editor in 0.00 ms.
Invoked RoslynAnalysisRunner static constructor.
RoslynAnalysisRunner will not be running.
RoslynAnalysisRunner has terminated.
Mono: successfully reloaded assembly
- Completed reload, in  0.661 seconds
Platform modules already initialized, skipping
Refreshing native plugins compatible for Editor in 0.47 ms, found 0 plugins.
Preloading 0 native plugins for Editor in 0.00 ms.
Unloading 1407 Unused Serialized files (Serialized files now loaded: 0)
System memory in use before: 70.6 MB.
System memory in use after: 70.7 MB.

Unloading 24 unused Assets to reduce memory usage. Loaded Objects now: 1915.
Total: 1.616600 ms (FindLiveObjects: 0.141900 ms CreateObjectMapping: 0.041400 ms MarkObjects: 1.418700 ms  DeleteObjects: 0.013500 ms)

========================================================================
Received Prepare
Registering precompiled user dll's ...
Registered in 0.001779 seconds.
Begin MonoManager ReloadAssembly
Native extension for WindowsStandalone target not found
Refreshing native plugins compatible for Editor in 0.35 ms, found 0 plugins.
Preloading 0 native plugins for Editor in 0.00 ms.
Invoked RoslynAnalysisRunner static constructor.
RoslynAnalysisRunner will not be running.
RoslynAnalysisRunner has terminated.
Mono: successfully reloaded assembly
- Completed reload, in  0.700 seconds
Platform modules already initialized, skipping
Refreshing native plugins compatible for Editor in 0.42 ms, found 0 plugins.
Preloading 0 native plugins for Editor in 0.00 ms.
Unloading 1407 Unused Serialized files (Serialized files now loaded: 0)
System memory in use before: 70.7 MB.
System memory in use after: 70.8 MB.

Unloading 24 unused Assets to reduce memory usage. Loaded Objects now: 1917.
Total: 1.793200 ms (FindLiveObjects: 0.213500 ms CreateObjectMapping: 0.064400 ms MarkObjects: 1.499900 ms  DeleteObjects: 0.014600 ms)

========================================================================
Received Prepare
Registering precompiled user dll's ...
Registered in 0.001801 seconds.
Begin MonoManager ReloadAssembly
Native extension for WindowsStandalone target not found
Refreshing native plugins compatible for Editor in 0.33 ms, found 0 plugins.
Preloading 0 native plugins for Editor in 0.00 ms.
Invoked RoslynAnalysisRunner static constructor.
RoslynAnalysisRunner will not be running.
RoslynAnalysisRunner has terminated.
Mono: successfully reloaded assembly
- Completed reload, in  0.651 seconds
Platform modules already initialized, skipping
Refreshing native plugins compatible for Editor in 0.43 ms, found 0 plugins.
Preloading 0 native plugins for Editor in 0.00 ms.
Unloading 1407 Unused Serialized files (Serialized files now loaded: 0)
System memory in use before: 70.0 MB.
System memory in use after: 70.1 MB.

Unloading 24 unused Assets to reduce memory usage. Loaded Objects now: 1919.
Total: 1.818700 ms (FindLiveObjects: 0.190300 ms CreateObjectMapping: 0.035400 ms MarkObjects: 1.578700 ms  DeleteObjects: 0.013600 ms)

========================================================================
Received Prepare
Registering precompiled user dll's ...
Registered in 0.001762 seconds.
Begin MonoManager ReloadAssembly
Native extension for WindowsStandalone target not found
Refreshing native plugins compatible for Editor in 0.36 ms, found 0 plugins.
Preloading 0 native plugins for Editor in 0.00 ms.
Invoked RoslynAnalysisRunner static constructor.
RoslynAnalysisRunner will not be running.
RoslynAnalysisRunner has terminated.
Mono: successfully reloaded assembly
- Completed reload, in  0.672 seconds
Platform modules already initialized, skipping
Refreshing native plugins compatible for Editor in 0.36 ms, found 0 plugins.
Preloading 0 native plugins for Editor in 0.00 ms.
Unloading 1407 Unused Serialized files (Serialized files now loaded: 0)
System memory in use before: 70.1 MB.
System memory in use after: 70.2 MB.

Unloading 24 unused Assets to reduce memory usage. Loaded Objects now: 1921.
Total: 1.765100 ms (FindLiveObjects: 0.162800 ms CreateObjectMapping: 0.042100 ms MarkObjects: 1.544900 ms  DeleteObjects: 0.014400 ms)

========================================================================
Received Import Request.
  Time since last request: 768.697256 seconds.
  path: Assets/Prefabs/Laser Beam.prefab
  artifactKey: Guid(3c070d82ed2ee4c4e85b82e780f1cbab) Importer(815301076,1909f56bfc062723c751e8b465ee728b)
Start importing Assets/Prefabs/Laser Beam.prefab using Guid(3c070d82ed2ee4c4e85b82e780f1cbab) Importer(815301076,1909f56bfc062723c751e8b465ee728b)  -> (artifact id: 'a9e963b8c1d04645fd5d03c1c0225f6f') in 0.051894 seconds
  Import took 0.054804 seconds .

========================================================================
Received Import Request.
  Time since last request: 9.268885 seconds.
  path: Assets/Prefabs/Concussive Beam.prefab
  artifactKey: Guid(f93834c64a15691449f510726ea6bf0e) Importer(815301076,1909f56bfc062723c751e8b465ee728b)
Start importing Assets/Prefabs/Concussive Beam.prefab using Guid(f93834c64a15691449f510726ea6bf0e) Importer(815301076,1909f56bfc062723c751e8b465ee728b)  -> (artifact id: 'ec50f21f8af951123fe94ea792880906') in 0.014064 seconds
  Import took 0.017861 seconds .

========================================================================
Received Prepare
Registering precompiled user dll's ...
Registered in 0.001772 seconds.
Begin MonoManager ReloadAssembly
Native extension for WindowsStandalone target not found
Refreshing native plugins compatible for Editor in 0.35 ms, found 0 plugins.
Preloading 0 native plugins for Editor in 0.00 ms.
Invoked RoslynAnalysisRunner static constructor.
RoslynAnalysisRunner will not be running.
RoslynAnalysisRunner has terminated.
Mono: successfully reloaded assembly
- Completed reload, in  0.694 seconds
Platform modules already initialized, skipping
Refreshing native plugins compatible for Editor in 0.37 ms, found 0 plugins.
Preloading 0 native plugins for Editor in 0.00 ms.
Unloading 1407 Unused Serialized files (Serialized files now loaded: 0)
System memory in use before: 70.4 MB.
System memory in use after: 70.5 MB.

Unloading 24 unused Assets to reduce memory usage. Loaded Objects now: 1924.
Total: 1.672400 ms (FindLiveObjects: 0.159800 ms CreateObjectMapping: 0.046000 ms MarkObjects: 1.450600 ms  DeleteObjects: 0.014900 ms)

========================================================================
Received Import Request.
  Time since last request: 179.783459 seconds.
  path: Assets/Prefabs/Concussive Beam.prefab
  artifactKey: Guid(f93834c64a15691449f510726ea6bf0e) Importer(815301076,1909f56bfc062723c751e8b465ee728b)
Start importing Assets/Prefabs/Concussive Beam.prefab using Guid(f93834c64a15691449f510726ea6bf0e) Importer(815301076,1909f56bfc062723c751e8b465ee728b)  -> (artifact id: '4f3175de9593ada1459092994b0d3b4a') in 0.048531 seconds
  Import took 0.050824 seconds .

========================================================================
Received Prepare
Registering precompiled user dll's ...
Registered in 0.001900 seconds.
Begin MonoManager ReloadAssembly
Native extension for WindowsStandalone target not found
Refreshing native plugins compatible for Editor in 0.37 ms, found 0 plugins.
Preloading 0 native plugins for Editor in 0.00 ms.
Invoked RoslynAnalysisRunner static constructor.
RoslynAnalysisRunner will not be running.
RoslynAnalysisRunner has terminated.
Mono: successfully reloaded assembly
- Completed reload, in  0.693 seconds
Platform modules already initialized, skipping
Refreshing native plugins compatible for Editor in 0.35 ms, found 0 plugins.
Preloading 0 native plugins for Editor in 0.00 ms.
Unloading 1407 Unused Serialized files (Serialized files now loaded: 0)
System memory in use before: 70.5 MB.
System memory in use after: 70.6 MB.

Unloading 24 unused Assets to reduce memory usage. Loaded Objects now: 1927.
Total: 1.733500 ms (FindLiveObjects: 0.183400 ms CreateObjectMapping: 0.060600 ms MarkObjects: 1.469700 ms  DeleteObjects: 0.019000 ms)

========================================================================
Received Prepare
Registering precompiled user dll's ...
Registered in 0.001735 seconds.
Begin MonoManager ReloadAssembly
Native extension for WindowsStandalone target not found
Refreshing native plugins compatible for Editor in 0.38 ms, found 0 plugins.
Preloading 0 native plugins for Editor in 0.00 ms.
Invoked RoslynAnalysisRunner static constructor.
RoslynAnalysisRunner will not be running.
RoslynAnalysisRunner has terminated.
Mono: successfully reloaded assembly
- Completed reload, in  0.673 seconds
Platform modules already initialized, skipping
Refreshing native plugins compatible for Editor in 0.38 ms, found 0 plugins.
Preloading 0 native plugins for Editor in 0.00 ms.
Unloading 1407 Unused Serialized files (Serialized files now loaded: 0)
System memory in use before: 70.7 MB.
System memory in use after: 70.8 MB.

Unloading 24 unused Assets to reduce memory usage. Loaded Objects now: 1929.
Total: 1.850800 ms (FindLiveObjects: 0.165000 ms CreateObjectMapping: 0.054400 ms MarkObjects: 1.615200 ms  DeleteObjects: 0.015300 ms)

========================================================================
Received Import Request.
  Time since last request: 68.262876 seconds.
  path: Assets/Prefabs/Pickup.prefab
  artifactKey: Guid(ddde15b7c3345384f8aa9a2f9aff5291) Importer(815301076,1909f56bfc062723c751e8b465ee728b)
Start importing Assets/Prefabs/Pickup.prefab using Guid(ddde15b7c3345384f8aa9a2f9aff5291) Importer(815301076,1909f56bfc062723c751e8b465ee728b)  -> (artifact id: '087cbaecef7b1292664bff7a48ae8dd7') in 0.049907 seconds
  Import took 0.052771 seconds .

========================================================================
Received Import Request.
  Time since last request: 0.001904 seconds.
  path: Assets/Prefabs/Pickup.prefab
  artifactKey: Guid(ddde15b7c3345384f8aa9a2f9aff5291) Importer(815301076,1909f56bfc062723c751e8b465ee728b)
Start importing Assets/Prefabs/Pickup.prefab using Guid(ddde15b7c3345384f8aa9a2f9aff5291) Importer(815301076,1909f56bfc062723c751e8b465ee728b)  -> (artifact id: '087cbaecef7b1292664bff7a48ae8dd7') in 0.006311 seconds
  Import took 0.008500 seconds .

========================================================================
Received Import Request.
  Time since last request: 3.826285 seconds.
  path: Assets/Prefabs/Laser Beam.prefab
  artifactKey: Guid(3c070d82ed2ee4c4e85b82e780f1cbab) Importer(815301076,1909f56bfc062723c751e8b465ee728b)
Start importing Assets/Prefabs/Laser Beam.prefab using Guid(3c070d82ed2ee4c4e85b82e780f1cbab) Importer(815301076,1909f56bfc062723c751e8b465ee728b)  -> (artifact id: '7f5a0bfe1cbcbf3dea6a0664f45b8e1f') in 0.011442 seconds
  Import took 0.015500 seconds .

========================================================================
Received Import Request.
  Time since last request: 35.484588 seconds.
  path: Assets/Prefabs/Spawner.prefab
  artifactKey: Guid(6bfeecdb39ac0424f80325f46afd8163) Importer(815301076,1909f56bfc062723c751e8b465ee728b)
Start importing Assets/Prefabs/Spawner.prefab using Guid(6bfeecdb39ac0424f80325f46afd8163) Importer(815301076,1909f56bfc062723c751e8b465ee728b)  -> (artifact id: 'ef8d3869293df6fb58050ec7dcf61e85') in 0.023363 seconds
  Import took 0.025698 seconds .

========================================================================
Received Import Request.
  Time since last request: 4.940815 seconds.
  path: Assets/Prefabs/Sonic Pulse.prefab
  artifactKey: Guid(d4d106b2a629547459ba6f51126ee98b) Importer(815301076,1909f56bfc062723c751e8b465ee728b)
Start importing Assets/Prefabs/Sonic Pulse.prefab using Guid(d4d106b2a629547459ba6f51126ee98b) Importer(815301076,1909f56bfc062723c751e8b465ee728b)  -> (artifact id: 'c5284b0de68eae34afff53d225a0e4ff') in 0.009994 seconds
  Import took 0.012797 seconds .

========================================================================
Received Prepare
Registering precompiled user dll's ...
Registered in 0.001759 seconds.
Begin MonoManager ReloadAssembly
Native extension for WindowsStandalone target not found
Refreshing native plugins compatible for Editor in 0.35 ms, found 0 plugins.
Preloading 0 native plugins for Editor in 0.00 ms.
Invoked RoslynAnalysisRunner static constructor.
RoslynAnalysisRunner will not be running.
RoslynAnalysisRunner has terminated.
Mono: successfully reloaded assembly
- Completed reload, in  0.686 seconds
Platform modules already initialized, skipping
Refreshing native plugins compatible for Editor in 0.38 ms, found 0 plugins.
Preloading 0 native plugins for Editor in 0.00 ms.
Unloading 1407 Unused Serialized files (Serialized files now loaded: 0)
System memory in use before: 70.8 MB.
System memory in use after: 70.9 MB.

Unloading 28 unused Assets to reduce memory usage. Loaded Objects now: 1932.
Total: 1.636100 ms (FindLiveObjects: 0.128700 ms CreateObjectMapping: 0.042500 ms MarkObjects: 1.397900 ms  DeleteObjects: 0.066200 ms)

========================================================================
Received Prepare
Registering precompiled user dll's ...
Registered in 0.001824 seconds.
Begin MonoManager ReloadAssembly
Native extension for WindowsStandalone target not found
Refreshing native plugins compatible for Editor in 0.89 ms, found 0 plugins.
Preloading 0 native plugins for Editor in 0.00 ms.
Invoked RoslynAnalysisRunner static constructor.
RoslynAnalysisRunner will not be running.
RoslynAnalysisRunner has terminated.
Mono: successfully reloaded assembly
- Completed reload, in  0.684 seconds
Platform modules already initialized, skipping
Refreshing native plugins compatible for Editor in 0.37 ms, found 0 plugins.
Preloading 0 native plugins for Editor in 0.00 ms.
Unloading 1407 Unused Serialized files (Serialized files now loaded: 0)
System memory in use before: 70.1 MB.
System memory in use after: 70.2 MB.

Unloading 24 unused Assets to reduce memory usage. Loaded Objects now: 1934.
Total: 2.023800 ms (FindLiveObjects: 0.244500 ms CreateObjectMapping: 0.078900 ms MarkObjects: 1.678900 ms  DeleteObjects: 0.020400 ms)

========================================================================
Received Prepare
Registering precompiled user dll's ...
Registered in 0.001698 seconds.
Begin MonoManager ReloadAssembly
Native extension for WindowsStandalone target not found
Refreshing native plugins compatible for Editor in 0.35 ms, found 0 plugins.
Preloading 0 native plugins for Editor in 0.00 ms.
Invoked RoslynAnalysisRunner static constructor.
RoslynAnalysisRunner will not be running.
RoslynAnalysisRunner has terminated.
Mono: successfully reloaded assembly
- Completed reload, in  0.678 seconds
Platform modules already initialized, skipping
Refreshing native plugins compatible for Editor in 0.37 ms, found 0 plugins.
Preloading 0 native plugins for Editor in 0.00 ms.
Unloading 1407 Unused Serialized files (Serialized files now loaded: 0)
System memory in use before: 70.2 MB.
System memory in use after: 70.3 MB.

Unloading 24 unused Assets to reduce memory usage. Loaded Objects now: 1936.
Total: 1.607700 ms (FindLiveObjects: 0.156300 ms CreateObjectMapping: 0.045900 ms MarkObjects: 1.390600 ms  DeleteObjects: 0.014100 ms)

========================================================================
Received Prepare
Registering precompiled user dll's ...
Registered in 0.002007 seconds.
Begin MonoManager ReloadAssembly
Native extension for WindowsStandalone target not found
Refreshing native plugins compatible for Editor in 0.34 ms, found 0 plugins.
Preloading 0 native plugins for Editor in 0.00 ms.
Invoked RoslynAnalysisRunner static constructor.
RoslynAnalysisRunner will not be running.
RoslynAnalysisRunner has terminated.
Mono: successfully reloaded assembly
- Completed reload, in  0.655 seconds
Platform modules already initialized, skipping
Refreshing native plugins compatible for Editor in 0.36 ms, found 0 plugins.
Preloading 0 native plugins for Editor in 0.00 ms.
Unloading 1407 Unused Serialized files (Serialized files now loaded: 0)
System memory in use before: 70.4 MB.
System memory in use after: 70.5 MB.

Unloading 24 unused Assets to reduce memory usage. Loaded Objects now: 1938.
Total: 1.625500 ms (FindLiveObjects: 0.160500 ms CreateObjectMapping: 0.049600 ms MarkObjects: 1.398500 ms  DeleteObjects: 0.015800 ms)

========================================================================
Received Import Request.
  Time since last request: 14574.581969 seconds.
  path: Assets/Prefabs/HUD.prefab
  artifactKey: Guid(38fee4a06a2d77b46b8b9b339b64ef85) Importer(815301076,1909f56bfc062723c751e8b465ee728b)
Start importing Assets/Prefabs/HUD.prefab using Guid(38fee4a06a2d77b46b8b9b339b64ef85) Importer(815301076,1909f56bfc062723c751e8b465ee728b)  -> (artifact id: 'f873e0f1c1c65df8cc11678bc0a2d621') in 0.064488 seconds
  Import took 0.068190 seconds .

========================================================================
Received Import Request.
  Time since last request: 217.303402 seconds.
  path: Assets/Scenes/Endless Mode.unity
  artifactKey: Guid(1e98de6153a24f446bdc36189e45f32e) Importer(815301076,1909f56bfc062723c751e8b465ee728b)
Start importing Assets/Scenes/Endless Mode.unity using Guid(1e98de6153a24f446bdc36189e45f32e) Importer(815301076,1909f56bfc062723c751e8b465ee728b)  -> (artifact id: '8032e93419eae4d485761eff7183527b') in 0.006908 seconds
  Import took 0.009015 seconds .

========================================================================
Received Prepare
Registering precompiled user dll's ...
Registered in 0.001863 seconds.
Begin MonoManager ReloadAssembly
Native extension for WindowsStandalone target not found
Refreshing native plugins compatible for Editor in 0.34 ms, found 0 plugins.
Preloading 0 native plugins for Editor in 0.00 ms.
Invoked RoslynAnalysisRunner static constructor.
RoslynAnalysisRunner will not be running.
RoslynAnalysisRunner has terminated.
Mono: successfully reloaded assembly
- Completed reload, in  0.680 seconds
Platform modules already initialized, skipping
Refreshing native plugins compatible for Editor in 0.35 ms, found 0 plugins.
Preloading 0 native plugins for Editor in 0.00 ms.
Unloading 1407 Unused Serialized files (Serialized files now loaded: 0)
System memory in use before: 70.6 MB.
System memory in use after: 70.7 MB.

Unloading 27 unused Assets to reduce memory usage. Loaded Objects now: 1942.
Total: 1.562600 ms (FindLiveObjects: 0.158600 ms CreateObjectMapping: 0.047200 ms MarkObjects: 1.329600 ms  DeleteObjects: 0.026500 ms)

========================================================================
Received Prepare
Registering precompiled user dll's ...
Registered in 0.001761 seconds.
Begin MonoManager ReloadAssembly
Native extension for WindowsStandalone target not found
Refreshing native plugins compatible for Editor in 0.37 ms, found 0 plugins.
Preloading 0 native plugins for Editor in 0.00 ms.
Invoked RoslynAnalysisRunner static constructor.
RoslynAnalysisRunner will not be running.
RoslynAnalysisRunner has terminated.
Mono: successfully reloaded assembly
- Completed reload, in  0.674 seconds
Platform modules already initialized, skipping
Refreshing native plugins compatible for Editor in 0.39 ms, found 0 plugins.
Preloading 0 native plugins for Editor in 0.00 ms.
Unloading 1407 Unused Serialized files (Serialized files now loaded: 0)
System memory in use before: 70.8 MB.
System memory in use after: 70.9 MB.

Unloading 24 unused Assets to reduce memory usage. Loaded Objects now: 1944.
Total: 1.671200 ms (FindLiveObjects: 0.165300 ms CreateObjectMapping: 0.049500 ms MarkObjects: 1.437200 ms  DeleteObjects: 0.018000 ms)

========================================================================
Received Prepare
Registering precompiled user dll's ...
Registered in 0.001810 seconds.
Begin MonoManager ReloadAssembly
Native extension for WindowsStandalone target not found
Refreshing native plugins compatible for Editor in 0.35 ms, found 0 plugins.
Preloading 0 native plugins for Editor in 0.00 ms.
Invoked RoslynAnalysisRunner static constructor.
RoslynAnalysisRunner will not be running.
RoslynAnalysisRunner has terminated.
Mono: successfully reloaded assembly
- Completed reload, in  0.660 seconds
Platform modules already initialized, skipping
Refreshing native plugins compatible for Editor in 0.37 ms, found 0 plugins.
Preloading 0 native plugins for Editor in 0.00 ms.
Unloading 1407 Unused Serialized files (Serialized files now loaded: 0)
System memory in use before: 70.9 MB.
System memory in use after: 71.0 MB.

Unloading 24 unused Assets to reduce memory usage. Loaded Objects now: 1946.
Total: 1.791100 ms (FindLiveObjects: 0.159700 ms CreateObjectMapping: 0.050400 ms MarkObjects: 1.561700 ms  DeleteObjects: 0.018100 ms)

========================================================================
Received Prepare
Registering precompiled user dll's ...
Registered in 0.001784 seconds.
Begin MonoManager ReloadAssembly
Native extension for WindowsStandalone target not found
Refreshing native plugins compatible for Editor in 0.40 ms, found 0 plugins.
Preloading 0 native plugins for Editor in 0.00 ms.
Invoked RoslynAnalysisRunner static constructor.
RoslynAnalysisRunner will not be running.
RoslynAnalysisRunner has terminated.
Mono: successfully reloaded assembly
- Completed reload, in  0.669 seconds
Platform modules already initialized, skipping
Refreshing native plugins compatible for Editor in 0.37 ms, found 0 plugins.
Preloading 0 native plugins for Editor in 0.00 ms.
Unloading 1407 Unused Serialized files (Serialized files now loaded: 0)
System memory in use before: 70.1 MB.
System memory in use after: 70.2 MB.

Unloading 24 unused Assets to reduce memory usage. Loaded Objects now: 1948.
Total: 1.735800 ms (FindLiveObjects: 0.151200 ms CreateObjectMapping: 0.043100 ms MarkObjects: 1.520200 ms  DeleteObjects: 0.020600 ms)

========================================================================
Received Prepare
Registering precompiled user dll's ...
Registered in 0.002134 seconds.
Begin MonoManager ReloadAssembly
Native extension for WindowsStandalone target not found
Refreshing native plugins compatible for Editor in 0.36 ms, found 0 plugins.
Preloading 0 native plugins for Editor in 0.00 ms.
Invoked RoslynAnalysisRunner static constructor.
RoslynAnalysisRunner will not be running.
RoslynAnalysisRunner has terminated.
Mono: successfully reloaded assembly
- Completed reload, in  0.666 seconds
Platform modules already initialized, skipping
Refreshing native plugins compatible for Editor in 0.38 ms, found 0 plugins.
Preloading 0 native plugins for Editor in 0.00 ms.
Unloading 1407 Unused Serialized files (Serialized files now loaded: 0)
System memory in use before: 70.3 MB.
System memory in use after: 70.4 MB.

Unloading 24 unused Assets to reduce memory usage. Loaded Objects now: 1950.
Total: 2.121800 ms (FindLiveObjects: 0.167100 ms CreateObjectMapping: 0.037600 ms MarkObjects: 1.869100 ms  DeleteObjects: 0.047200 ms)

========================================================================
Received Import Request.
  Time since last request: 837.458289 seconds.
  path: Assets/Prefabs/HUD.prefab
  artifactKey: Guid(38fee4a06a2d77b46b8b9b339b64ef85) Importer(815301076,1909f56bfc062723c751e8b465ee728b)
Start importing Assets/Prefabs/HUD.prefab using Guid(38fee4a06a2d77b46b8b9b339b64ef85) Importer(815301076,1909f56bfc062723c751e8b465ee728b)  -> (artifact id: '1a897ad47c1033fd0770cf03b7a06543') in 0.043388 seconds
  Import took 0.046404 seconds .

========================================================================
Received Prepare
Registering precompiled user dll's ...
Registered in 0.002531 seconds.
Begin MonoManager ReloadAssembly
Native extension for WindowsStandalone target not found
Refreshing native plugins compatible for Editor in 0.57 ms, found 0 plugins.
Preloading 0 native plugins for Editor in 0.00 ms.
Invoked RoslynAnalysisRunner static constructor.
RoslynAnalysisRunner will not be running.
RoslynAnalysisRunner has terminated.
Mono: successfully reloaded assembly
- Completed reload, in  0.845 seconds
Platform modules already initialized, skipping
Refreshing native plugins compatible for Editor in 0.41 ms, found 0 plugins.
Preloading 0 native plugins for Editor in 0.00 ms.
Unloading 1407 Unused Serialized files (Serialized files now loaded: 0)
System memory in use before: 70.5 MB.
System memory in use after: 70.6 MB.

Unloading 27 unused Assets to reduce memory usage. Loaded Objects now: 1952.
Total: 1.833500 ms (FindLiveObjects: 0.171700 ms CreateObjectMapping: 0.057100 ms MarkObjects: 1.535600 ms  DeleteObjects: 0.068100 ms)

========================================================================
Received Import Request.
  Time since last request: 144.371668 seconds.
  path: Assets/Scenes/Endless Mode.unity
  artifactKey: Guid(1e98de6153a24f446bdc36189e45f32e) Importer(815301076,1909f56bfc062723c751e8b465ee728b)
Start importing Assets/Scenes/Endless Mode.unity using Guid(1e98de6153a24f446bdc36189e45f32e) Importer(815301076,1909f56bfc062723c751e8b465ee728b)  -> (artifact id: '614f8a04274469db712f4faa584974b0') in 0.010533 seconds
  Import took 0.014169 seconds .

========================================================================
Received Import Request.
  Time since last request: 47.701891 seconds.
  path: Assets/Scenes/Main Menu.unity
  artifactKey: Guid(a4facdde2e97e1a42abda054ad3fb1fe) Importer(815301076,1909f56bfc062723c751e8b465ee728b)
Start importing Assets/Scenes/Main Menu.unity using Guid(a4facdde2e97e1a42abda054ad3fb1fe) Importer(815301076,1909f56bfc062723c751e8b465ee728b)  -> (artifact id: 'fa167df05d0d85c435eddfad538c5bf4') in 0.006134 seconds
  Import took 0.009263 seconds .

========================================================================
Received Prepare
Registering precompiled user dll's ...
Registered in 0.233879 seconds.
Begin MonoManager ReloadAssembly
Native extension for WindowsStandalone target not found
Refreshing native plugins compatible for Editor in 0.36 ms, found 0 plugins.
Preloading 0 native plugins for Editor in 0.00 ms.
Invoked RoslynAnalysisRunner static constructor.
RoslynAnalysisRunner will not be running.
RoslynAnalysisRunner has terminated.
Mono: successfully reloaded assembly
- Completed reload, in  4.917 seconds
Platform modules already initialized, skipping
Refreshing native plugins compatible for Editor in 0.35 ms, found 0 plugins.
Preloading 0 native plugins for Editor in 0.00 ms.
Unloading 1407 Unused Serialized files (Serialized files now loaded: 0)
System memory in use before: 70.6 MB.
System memory in use after: 70.8 MB.

Unloading 24 unused Assets to reduce memory usage. Loaded Objects now: 1954.
Total: 13.852800 ms (FindLiveObjects: 2.600600 ms CreateObjectMapping: 0.112100 ms MarkObjects: 11.100400 ms  DeleteObjects: 0.038400 ms)

AssetImportWorkerClient::OnTransportError - code=2 error=End of file
